[2020-04-13T16:09:31.434] [DEBUG] cheese - login => username:postman,password:123456
[2020-04-13T16:09:31.435] [DEBUG] cheese - postman
[2020-04-13T16:09:31.451] [DEBUG] cheese - null
[2020-04-13T16:09:31.451] [DEBUG] cheese - null
[2020-04-13T16:10:06.290] [DEBUG] cheese - login => username:admin,password:12346
[2020-04-13T16:10:06.290] [DEBUG] cheese - admin
[2020-04-13T16:10:06.297] [DEBUG] cheese - null
[2020-04-13T16:10:06.297] [DEBUG] cheese - null
[2020-04-13T16:11:10.734] [DEBUG] cheese - login => username:admin,password:123456
[2020-04-13T16:11:10.734] [DEBUG] cheese - admin
[2020-04-13T16:11:10.737] [DEBUG] cheese - null
[2020-04-13T16:11:10.737] [DEBUG] cheese - null
[2020-04-13T23:21:14.649] [DEBUG] cheese - login => username:admin,password:123456
[2020-04-13T23:21:14.652] [DEBUG] cheese - admin
[2020-04-13T23:21:14.803] [DEBUG] cheese - null
[2020-04-13T23:21:14.804] [DEBUG] cheese - null
[2020-04-13T23:21:28.832] [DEBUG] cheese - login => username:admin,password:12346
[2020-04-13T23:21:28.832] [DEBUG] cheese - admin
[2020-04-13T23:21:28.855] [DEBUG] cheese - null
[2020-04-13T23:21:28.855] [DEBUG] cheese - null
[2020-04-13T23:21:37.613] [DEBUG] cheese - login => username:admin,password:12346
[2020-04-13T23:21:37.613] [DEBUG] cheese - admin
[2020-04-13T23:21:37.615] [DEBUG] cheese - null
[2020-04-13T23:21:37.615] [DEBUG] cheese - null
[2020-04-13T23:22:43.283] [DEBUG] cheese - login => username:admin,password:123456
[2020-04-13T23:22:43.283] [DEBUG] cheese - admin
[2020-04-13T23:22:43.287] [DEBUG] cheese - null
[2020-04-13T23:22:43.287] [DEBUG] cheese - null
[2020-04-13T23:23:41.028] [DEBUG] cheese - login => username:admin,password:123456
[2020-04-13T23:23:41.028] [DEBUG] cheese - admin
[2020-04-13T23:23:41.031] [DEBUG] cheese - null
[2020-04-13T23:23:41.031] [DEBUG] cheese - null
[2020-04-14T09:57:32.141] [DEBUG] cheese - login => username:admin,password:123456
[2020-04-14T09:57:32.145] [DEBUG] cheese - admin
[2020-04-14T09:57:32.168] [DEBUG] cheese - null
[2020-04-14T09:57:32.169] [DEBUG] cheese - null
[2020-04-14T10:00:10.845] [DEBUG] cheese - login => username:admin,password:123456
[2020-04-14T10:00:10.845] [DEBUG] cheese - admin
[2020-04-14T10:00:10.849] [DEBUG] cheese - null
[2020-04-14T10:00:10.849] [DEBUG] cheese - null
[2020-04-14T10:02:39.358] [DEBUG] cheese - login => username:admin,password:123456
[2020-04-14T10:02:39.358] [DEBUG] cheese - admin
[2020-04-14T10:02:39.361] [DEBUG] cheese - null
[2020-04-14T10:02:39.362] [DEBUG] cheese - null
[2020-04-14T10:04:00.280] [DEBUG] cheese - login => username:admin,password:123456
[2020-04-14T10:04:00.280] [DEBUG] cheese - admin
[2020-04-14T10:04:00.283] [DEBUG] cheese - null
[2020-04-14T10:04:00.283] [DEBUG] cheese - null
[2020-04-14T10:04:24.758] [DEBUG] cheese - login => username:admin,password:123456
[2020-04-14T10:04:24.759] [DEBUG] cheese - admin
[2020-04-14T10:04:24.762] [DEBUG] cheese - null
[2020-04-14T10:04:24.762] [DEBUG] cheese - null
[2020-04-14T10:04:38.546] [DEBUG] cheese - login => username:admin,password:123456
[2020-04-14T10:04:38.546] [DEBUG] cheese - admin
[2020-04-14T10:04:38.550] [DEBUG] cheese - null
[2020-04-14T10:04:38.550] [DEBUG] cheese - null
[2020-04-14T10:07:04.004] [DEBUG] cheese - login => username:admin,password:123456
[2020-04-14T10:07:04.004] [DEBUG] cheese - admin
[2020-04-14T10:07:04.007] [DEBUG] cheese - null
[2020-04-14T10:07:04.008] [DEBUG] cheese - null
[2020-04-14T10:43:59.732] [DEBUG] cheese - login => username:admin,password:123456dsa
[2020-04-14T10:43:59.732] [DEBUG] cheese - admin
[2020-04-14T10:43:59.736] [DEBUG] cheese - null
[2020-04-14T10:43:59.737] [DEBUG] cheese - null
[2020-04-14T10:44:59.379] [DEBUG] cheese - login => username:admin,password:123456
[2020-04-14T10:44:59.379] [DEBUG] cheese - admin
[2020-04-14T10:44:59.381] [DEBUG] cheese - null
[2020-04-14T10:44:59.381] [DEBUG] cheese - null
[2020-04-14T10:45:33.570] [DEBUG] cheese - login => username:admin,password:123456
[2020-04-14T10:45:33.570] [DEBUG] cheese - admin
[2020-04-14T10:45:33.573] [DEBUG] cheese - null
[2020-04-14T10:45:33.574] [DEBUG] cheese - null
[2020-04-14T10:46:01.474] [DEBUG] cheese - login => username:admin,password:123456
[2020-04-14T10:46:01.474] [DEBUG] cheese - admin
[2020-04-14T10:46:01.477] [DEBUG] cheese - null
[2020-04-14T10:46:01.477] [DEBUG] cheese - null
[2020-04-14T10:48:15.890] [DEBUG] cheese - login => username:admin,password:123456
[2020-04-14T10:48:15.891] [DEBUG] cheese - admin
[2020-04-14T10:48:15.894] [DEBUG] cheese - null
[2020-04-14T10:48:15.894] [DEBUG] cheese - null
[2020-04-14T10:50:18.491] [DEBUG] cheese - login => username:admin,password:123456
[2020-04-14T10:50:18.491] [DEBUG] cheese - admin
[2020-04-14T10:50:18.494] [DEBUG] cheese - null
[2020-04-14T10:50:18.494] [DEBUG] cheese - null
[2020-04-14T10:50:45.580] [DEBUG] cheese - login => username:admin,password:123456
[2020-04-14T10:50:45.580] [DEBUG] cheese - admin
[2020-04-14T10:50:45.582] [DEBUG] cheese - null
[2020-04-14T10:50:45.582] [DEBUG] cheese - null
[2020-04-14T11:05:46.825] [DEBUG] cheese - login => username:admin,password:123456
[2020-04-14T11:05:46.825] [DEBUG] cheese - admin
[2020-04-14T11:05:46.829] [DEBUG] cheese - null
[2020-04-14T11:05:46.829] [DEBUG] cheese - null
[2020-04-14T11:06:29.007] [DEBUG] cheese - login => username:admin,password:123456
[2020-04-14T11:06:29.007] [DEBUG] cheese - admin
[2020-04-14T11:06:29.010] [DEBUG] cheese - null
[2020-04-14T11:06:29.010] [DEBUG] cheese - null
[2020-04-14T11:06:35.706] [DEBUG] cheese - login => username:admin,password:123456
[2020-04-14T11:06:35.707] [DEBUG] cheese - admin
[2020-04-14T11:06:35.709] [DEBUG] cheese - null
[2020-04-14T11:06:35.709] [DEBUG] cheese - null
[2020-04-14T11:06:53.311] [DEBUG] cheese - login => username:admin,password:123
[2020-04-14T11:06:53.311] [DEBUG] cheese - admin
[2020-04-14T11:06:53.314] [DEBUG] cheese - null
[2020-04-14T11:06:53.314] [DEBUG] cheese - null
[2020-04-14T11:07:11.607] [DEBUG] cheese - login => username:admin,password:123
[2020-04-14T11:07:11.608] [DEBUG] cheese - admin
[2020-04-14T11:07:11.611] [DEBUG] cheese - null
[2020-04-14T11:07:11.611] [DEBUG] cheese - null
[2020-04-14T11:08:06.609] [DEBUG] cheese - login => username:admin,password:123
[2020-04-14T11:08:06.609] [DEBUG] cheese - admin
[2020-04-14T11:08:06.612] [DEBUG] cheese - null
[2020-04-14T11:08:06.612] [DEBUG] cheese - null
[2020-04-14T11:08:45.375] [DEBUG] cheese - login => username:admin,password:123456
[2020-04-14T11:08:45.375] [DEBUG] cheese - admin
[2020-04-14T11:08:45.377] [DEBUG] cheese - null
[2020-04-14T11:08:45.377] [DEBUG] cheese - null
[2020-04-14T11:12:26.089] [DEBUG] cheese - login => username:admin,password:123456
[2020-04-14T11:12:26.089] [DEBUG] cheese - admin
[2020-04-14T11:12:26.092] [DEBUG] cheese - null
[2020-04-14T11:12:26.092] [DEBUG] cheese - null
[2020-04-14T11:12:45.622] [DEBUG] cheese - login => username:admin,password:123456
[2020-04-14T11:12:45.623] [DEBUG] cheese - admin
[2020-04-14T11:12:45.625] [DEBUG] cheese - null
[2020-04-14T11:12:45.625] [DEBUG] cheese - null
[2020-04-14T11:12:53.904] [DEBUG] cheese - login => username:admin,password:123456
[2020-04-14T11:12:53.904] [DEBUG] cheese - admin
[2020-04-14T11:12:53.906] [DEBUG] cheese - null
[2020-04-14T11:12:53.907] [DEBUG] cheese - null
[2020-04-14T11:13:08.239] [DEBUG] cheese - login => username:admin,password:123456
[2020-04-14T11:13:08.240] [DEBUG] cheese - admin
[2020-04-14T11:13:08.242] [DEBUG] cheese - null
[2020-04-14T11:13:08.242] [DEBUG] cheese - null
[2020-04-14T11:15:36.359] [DEBUG] cheese - login => username:admin,password:123456
[2020-04-14T11:15:36.359] [DEBUG] cheese - admin
[2020-04-14T11:15:36.363] [DEBUG] cheese - null
[2020-04-14T11:15:36.363] [DEBUG] cheese - null
[2020-04-14T11:15:56.823] [DEBUG] cheese - login => username:admin,password:123456
[2020-04-14T11:15:56.823] [DEBUG] cheese - admin
[2020-04-14T11:15:56.827] [DEBUG] cheese - null
[2020-04-14T11:15:56.827] [DEBUG] cheese - null
[2020-04-14T11:19:23.057] [DEBUG] cheese - login => username:admin,password:123
[2020-04-14T11:19:23.057] [DEBUG] cheese - admin
[2020-04-14T11:19:23.060] [DEBUG] cheese - null
[2020-04-14T11:19:23.060] [DEBUG] cheese - null
[2020-04-14T11:19:59.702] [DEBUG] cheese - login => username:admin,password:1234
[2020-04-14T11:19:59.702] [DEBUG] cheese - admin
[2020-04-14T11:19:59.705] [DEBUG] cheese - null
[2020-04-14T11:19:59.706] [DEBUG] cheese - null
[2020-04-14T11:20:19.541] [DEBUG] cheese - login => username:admin,password:123456
[2020-04-14T11:20:19.542] [DEBUG] cheese - admin
[2020-04-14T11:20:19.544] [DEBUG] cheese - null
[2020-04-14T11:20:19.544] [DEBUG] cheese - null
[2020-04-14T11:22:08.456] [DEBUG] cheese - login => username:admin,password:123456
[2020-04-14T11:22:08.456] [DEBUG] cheese - admin
[2020-04-14T11:22:08.459] [DEBUG] cheese - null
[2020-04-14T11:22:08.459] [DEBUG] cheese - null
[2020-04-14T11:26:07.183] [DEBUG] cheese - login => username:admin,password:123456
[2020-04-14T11:26:07.183] [DEBUG] cheese - admin
[2020-04-14T11:26:07.186] [DEBUG] cheese - null
[2020-04-14T11:26:07.187] [DEBUG] cheese - null
[2020-04-14T11:26:21.879] [DEBUG] cheese - login => username:admin,password:123456
[2020-04-14T11:26:21.879] [DEBUG] cheese - admin
[2020-04-14T11:26:21.882] [DEBUG] cheese - null
[2020-04-14T11:26:21.882] [DEBUG] cheese - null
[2020-04-14T11:26:28.133] [DEBUG] cheese - login => username:admin,password:123
[2020-04-14T11:26:28.133] [DEBUG] cheese - admin
[2020-04-14T11:26:28.136] [DEBUG] cheese - null
[2020-04-14T11:26:28.137] [DEBUG] cheese - null
[2020-04-14T11:26:44.671] [DEBUG] cheese - login => username:admin,password:123
[2020-04-14T11:26:44.672] [DEBUG] cheese - admin
[2020-04-14T11:26:44.675] [DEBUG] cheese - null
[2020-04-14T11:26:44.675] [DEBUG] cheese - null
[2020-04-14T11:26:48.595] [DEBUG] cheese - login => username:admin3,password:123
[2020-04-14T11:26:48.595] [DEBUG] cheese - admin3
[2020-04-14T11:26:48.597] [DEBUG] cheese - null
[2020-04-14T11:26:48.597] [DEBUG] cheese - null
[2020-04-14T11:30:29.336] [DEBUG] cheese - login => username:admin,password:1234
[2020-04-14T11:30:29.336] [DEBUG] cheese - admin
[2020-04-14T11:30:29.339] [DEBUG] cheese - null
[2020-04-14T11:30:29.339] [DEBUG] cheese - null
[2020-04-14T11:31:20.868] [DEBUG] cheese - login => username:admin,password:123456
[2020-04-14T11:31:20.868] [DEBUG] cheese - admin
[2020-04-14T11:31:20.871] [DEBUG] cheese - null
[2020-04-14T11:31:20.871] [DEBUG] cheese - null
[2020-04-14T11:31:44.646] [DEBUG] cheese - login => username:admin,password:123456
[2020-04-14T11:31:44.646] [DEBUG] cheese - admin
[2020-04-14T11:31:44.649] [DEBUG] cheese - null
[2020-04-14T11:31:44.649] [DEBUG] cheese - null
[2020-04-14T11:31:53.175] [DEBUG] cheese - login => username:admin,password:123456
[2020-04-14T11:31:53.175] [DEBUG] cheese - admin
[2020-04-14T11:31:53.178] [DEBUG] cheese - null
[2020-04-14T11:31:53.178] [DEBUG] cheese - null
[2020-04-14T11:31:55.027] [DEBUG] cheese - login => username:admin,password:12345
[2020-04-14T11:31:55.027] [DEBUG] cheese - admin
[2020-04-14T11:31:55.031] [DEBUG] cheese - null
[2020-04-14T11:31:55.031] [DEBUG] cheese - null
[2020-04-14T11:38:23.998] [DEBUG] cheese - login => username:admin,password:123456
[2020-04-14T11:38:23.998] [DEBUG] cheese - admin
[2020-04-14T11:38:24.002] [DEBUG] cheese - null
[2020-04-14T11:38:24.002] [DEBUG] cheese - null
[2020-04-14T11:38:36.246] [DEBUG] cheese - login => username:admin,password:123456
[2020-04-14T11:38:36.246] [DEBUG] cheese - admin
[2020-04-14T11:38:36.249] [DEBUG] cheese - null
[2020-04-14T11:38:36.249] [DEBUG] cheese - null
[2020-04-14T11:38:44.774] [DEBUG] cheese - login => username:admin,password:123456
[2020-04-14T11:38:44.774] [DEBUG] cheese - admin
[2020-04-14T11:38:44.777] [DEBUG] cheese - null
[2020-04-14T11:38:44.777] [DEBUG] cheese - null
[2020-04-14T11:39:03.626] [DEBUG] cheese - login => username:admin,password:1234
[2020-04-14T11:39:03.627] [DEBUG] cheese - admin
[2020-04-14T11:39:03.629] [DEBUG] cheese - null
[2020-04-14T11:39:03.629] [DEBUG] cheese - null
[2020-04-14T11:41:47.613] [DEBUG] cheese - login => username:admin,password:123456
[2020-04-14T11:41:47.613] [DEBUG] cheese - admin
[2020-04-14T11:41:47.616] [DEBUG] cheese - null
[2020-04-14T11:41:47.616] [DEBUG] cheese - null
[2020-04-14T11:42:11.931] [DEBUG] cheese - login => username:admin,password:123456
[2020-04-14T11:42:11.931] [DEBUG] cheese - admin
[2020-04-14T11:42:11.934] [DEBUG] cheese - null
[2020-04-14T11:42:11.936] [DEBUG] cheese - null
[2020-04-14T11:43:04.809] [DEBUG] cheese - login => username:admin,password:123456
[2020-04-14T11:43:04.809] [DEBUG] cheese - admin
[2020-04-14T11:43:04.812] [DEBUG] cheese - null
[2020-04-14T11:43:04.812] [DEBUG] cheese - null
[2020-04-14T11:43:46.122] [DEBUG] cheese - login => username:admin,password:123456
[2020-04-14T11:43:46.122] [DEBUG] cheese - admin
[2020-04-14T11:43:46.126] [DEBUG] cheese - null
[2020-04-14T11:43:46.126] [DEBUG] cheese - null
[2020-04-14T12:55:56.846] [DEBUG] cheese - login => username:admin,password:123456
[2020-04-14T12:55:56.846] [DEBUG] cheese - admin
[2020-04-14T12:55:56.851] [DEBUG] cheese - null
[2020-04-14T12:55:56.852] [DEBUG] cheese - null
[2020-04-14T13:07:20.842] [DEBUG] cheese - login => username:admin,password:123456
[2020-04-14T13:07:20.842] [DEBUG] cheese - admin
[2020-04-14T13:07:20.845] [DEBUG] cheese - null
[2020-04-14T13:07:20.846] [DEBUG] cheese - null
[2020-04-14T13:08:44.618] [DEBUG] cheese - login => username:admin,password:123456
[2020-04-14T13:08:44.618] [DEBUG] cheese - admin
[2020-04-14T13:08:44.622] [DEBUG] cheese - null
[2020-04-14T13:08:44.622] [DEBUG] cheese - null
[2020-04-14T13:08:58.873] [DEBUG] cheese - login => username:admin,password:123456
[2020-04-14T13:08:58.873] [DEBUG] cheese - admin
[2020-04-14T13:08:58.876] [DEBUG] cheese - null
[2020-04-14T13:08:58.876] [DEBUG] cheese - null
[2020-04-14T13:09:56.064] [DEBUG] cheese - login => username:admin,password:123456
[2020-04-14T13:09:56.064] [DEBUG] cheese - admin
[2020-04-14T13:09:56.069] [DEBUG] cheese - null
[2020-04-14T13:09:56.069] [DEBUG] cheese - null
[2020-04-14T13:10:03.620] [DEBUG] cheese - login => username:admin,password:123456
[2020-04-14T13:10:03.620] [DEBUG] cheese - admin
[2020-04-14T13:10:03.622] [DEBUG] cheese - null
[2020-04-14T13:10:03.622] [DEBUG] cheese - null
[2020-04-14T13:39:28.577] [DEBUG] cheese - login => username:admin,password:123456
[2020-04-14T13:39:28.577] [DEBUG] cheese - admin
[2020-04-14T13:39:28.582] [DEBUG] cheese - null
[2020-04-14T13:39:28.582] [DEBUG] cheese - null
[2020-04-14T13:39:58.746] [DEBUG] cheese - login => username:admin,password:123456
[2020-04-14T13:39:58.746] [DEBUG] cheese - admin
[2020-04-14T13:39:58.749] [DEBUG] cheese - null
[2020-04-14T13:39:58.749] [DEBUG] cheese - null
[2020-04-14T13:40:32.774] [DEBUG] cheese - login => username:admin,password:123456
[2020-04-14T13:40:32.774] [DEBUG] cheese - admin
[2020-04-14T13:40:32.779] [DEBUG] cheese - null
[2020-04-14T13:40:32.780] [DEBUG] cheese - null
[2020-04-14T14:35:43.410] [DEBUG] cheese - login => username:admin,password:123456
[2020-04-14T14:35:43.411] [DEBUG] cheese - admin
[2020-04-14T14:35:43.417] [DEBUG] cheese - null
[2020-04-14T14:35:43.417] [DEBUG] cheese - null
[2020-04-14T14:38:41.161] [DEBUG] cheese - login => username:admin,password:123456
[2020-04-14T14:38:41.162] [DEBUG] cheese - admin
[2020-04-14T14:38:41.165] [DEBUG] cheese - null
[2020-04-14T14:38:41.165] [DEBUG] cheese - null
[2020-04-14T14:40:02.593] [DEBUG] cheese - login => username:admin,password:123456
[2020-04-14T14:40:02.594] [DEBUG] cheese - admin
[2020-04-14T14:40:02.598] [DEBUG] cheese - null
[2020-04-14T14:40:02.598] [DEBUG] cheese - null
[2020-04-14T15:23:14.437] [DEBUG] cheese - login => username:admin,password:123456
[2020-04-14T15:23:14.438] [DEBUG] cheese - admin
[2020-04-14T15:23:14.446] [DEBUG] cheese - null
[2020-04-14T15:23:14.447] [DEBUG] cheese - null
[2020-04-14T15:42:39.716] [DEBUG] cheese - login => username:admin,password:123456
[2020-04-14T15:42:39.716] [DEBUG] cheese - admin
[2020-04-14T15:42:39.719] [DEBUG] cheese - null
[2020-04-14T15:42:39.720] [DEBUG] cheese - null
[2020-04-14T19:51:29.995] [DEBUG] cheese - login => username:admin,password:123456
[2020-04-14T19:51:29.996] [DEBUG] cheese - admin
[2020-04-14T19:51:30.022] [DEBUG] cheese - null
[2020-04-14T19:51:30.022] [DEBUG] cheese - null
[2020-04-14T19:52:22.453] [DEBUG] cheese - login => username:admin,password:123456
[2020-04-14T19:52:22.454] [DEBUG] cheese - admin
[2020-04-14T19:52:22.457] [DEBUG] cheese - null
[2020-04-14T19:52:22.457] [DEBUG] cheese - null
[2020-04-14T19:57:23.145] [DEBUG] cheese - login => username:admin,password:123456
[2020-04-14T19:57:23.148] [DEBUG] cheese - admin
[2020-04-14T19:57:23.157] [DEBUG] cheese - null
[2020-04-14T19:57:23.157] [DEBUG] cheese - null
[2020-04-14T19:58:11.251] [DEBUG] cheese - login => username:admin,password:123456
[2020-04-14T19:58:11.251] [DEBUG] cheese - admin
[2020-04-14T19:58:11.255] [DEBUG] cheese - null
[2020-04-14T19:58:11.256] [DEBUG] cheese - null
[2020-04-14T20:00:24.440] [DEBUG] cheese - login => username:admin,password:123456
[2020-04-14T20:00:24.440] [DEBUG] cheese - admin
[2020-04-14T20:00:24.444] [DEBUG] cheese - null
[2020-04-14T20:00:24.444] [DEBUG] cheese - null
[2020-04-14T20:21:17.128] [DEBUG] cheese - login => username:admin,password:123456
[2020-04-14T20:21:17.128] [DEBUG] cheese - admin
[2020-04-14T20:21:17.131] [DEBUG] cheese - null
[2020-04-14T20:21:17.131] [DEBUG] cheese - null
[2020-04-14T20:21:40.988] [DEBUG] cheese - login => username:admin,password:123456
[2020-04-14T20:21:40.988] [DEBUG] cheese - admin
[2020-04-14T20:21:40.991] [DEBUG] cheese - null
[2020-04-14T20:21:40.991] [DEBUG] cheese - null
[2020-04-14T20:40:55.076] [DEBUG] cheese - login => username:admin,password:123456
[2020-04-14T20:40:55.078] [DEBUG] cheese - admin
[2020-04-14T20:40:55.086] [DEBUG] cheese - null
[2020-04-14T20:40:55.086] [DEBUG] cheese - null
[2020-04-14T23:25:21.205] [DEBUG] cheese - login => username:admin,password:123456
[2020-04-14T23:25:21.206] [DEBUG] cheese - admin
[2020-04-14T23:25:21.214] [DEBUG] cheese - null
[2020-04-14T23:25:21.214] [DEBUG] cheese - null
[2020-04-15T11:46:48.343] [DEBUG] cheese - login => username:admin,password:123456
[2020-04-15T11:46:48.345] [DEBUG] cheese - admin
[2020-04-15T11:46:48.370] [DEBUG] cheese - null
[2020-04-15T11:46:48.371] [DEBUG] cheese - null
[2020-04-15T12:10:07.255] [DEBUG] cheese - login => username:admin,password:123456
[2020-04-15T12:10:07.256] [DEBUG] cheese - admin
[2020-04-15T12:10:07.259] [DEBUG] cheese - null
[2020-04-15T12:10:07.260] [DEBUG] cheese - null
[2020-04-15T12:24:29.342] [DEBUG] cheese - login => username:admin,password:123456
[2020-04-15T12:24:29.343] [DEBUG] cheese - admin
[2020-04-15T12:24:29.347] [DEBUG] cheese - null
[2020-04-15T12:24:29.347] [DEBUG] cheese - null
[2020-04-15T12:29:24.919] [DEBUG] cheese - login => username:admin,password:123456
[2020-04-15T12:29:24.919] [DEBUG] cheese - admin
[2020-04-15T12:29:24.921] [DEBUG] cheese - null
[2020-04-15T12:29:24.921] [DEBUG] cheese - null
[2020-04-15T12:30:17.284] [DEBUG] cheese - login => username:admin,password:123456
[2020-04-15T12:30:17.284] [DEBUG] cheese - admin
[2020-04-15T12:30:17.286] [DEBUG] cheese - null
[2020-04-15T12:30:17.287] [DEBUG] cheese - null
[2020-04-15T12:30:41.387] [DEBUG] cheese - login => username:admin,password:123456
[2020-04-15T12:30:41.388] [DEBUG] cheese - admin
[2020-04-15T12:30:41.390] [DEBUG] cheese - null
[2020-04-15T12:30:41.390] [DEBUG] cheese - null
[2020-04-15T13:50:15.080] [DEBUG] cheese - login => username:admin,password:123456
[2020-04-15T13:50:15.081] [DEBUG] cheese - admin
[2020-04-15T13:50:15.084] [DEBUG] cheese - null
[2020-04-15T13:50:15.084] [DEBUG] cheese - null
[2020-04-15T13:51:01.696] [DEBUG] cheese - login => username:admin,password:123456
[2020-04-15T13:51:01.697] [DEBUG] cheese - admin
[2020-04-15T13:51:01.699] [DEBUG] cheese - null
[2020-04-15T13:51:01.699] [DEBUG] cheese - null
[2020-04-15T14:00:08.471] [DEBUG] cheese - login => username:admin,password:123456
[2020-04-15T14:00:08.471] [DEBUG] cheese - admin
[2020-04-15T14:00:08.474] [DEBUG] cheese - null
[2020-04-15T14:00:08.474] [DEBUG] cheese - null
[2020-04-15T14:14:25.344] [DEBUG] cheese - login => username:admin,password:123456
[2020-04-15T14:14:25.344] [DEBUG] cheese - admin
[2020-04-15T14:14:25.443] [DEBUG] cheese - null
[2020-04-15T14:14:25.443] [DEBUG] cheese - null
[2020-04-15T15:17:38.180] [DEBUG] cheese - login => username:admin,password:123456
[2020-04-15T15:17:38.181] [DEBUG] cheese - admin
[2020-04-15T15:17:38.191] [DEBUG] cheese - null
[2020-04-15T15:17:38.191] [DEBUG] cheese - null
[2020-04-15T17:16:01.829] [DEBUG] cheese - login => username:admin,password:123456
[2020-04-15T17:16:01.831] [DEBUG] cheese - admin
[2020-04-15T17:16:01.837] [DEBUG] cheese - null
[2020-04-15T17:16:01.838] [DEBUG] cheese - null
[2020-04-15T18:53:27.673] [DEBUG] cheese - login => username:admin,password:123456
[2020-04-15T18:53:27.674] [DEBUG] cheese - admin
[2020-04-15T18:53:27.681] [DEBUG] cheese - null
[2020-04-15T18:53:27.681] [DEBUG] cheese - null
[2020-04-16T11:04:53.705] [DEBUG] cheese - login => username:admin,password:123456
[2020-04-16T11:04:53.709] [DEBUG] cheese - admin
[2020-04-16T11:04:53.722] [DEBUG] cheese - null
[2020-04-16T11:04:53.723] [DEBUG] cheese - null
[2020-04-16T18:23:25.055] [DEBUG] cheese - login => username:admin,password:123456
[2020-04-16T18:23:25.056] [DEBUG] cheese - admin
[2020-04-16T18:23:25.166] [DEBUG] cheese - null
[2020-04-16T18:23:25.166] [DEBUG] cheese - null
[2020-04-16T19:11:03.108] [DEBUG] cheese - login => username:admin,password:123456
[2020-04-16T19:11:03.109] [DEBUG] cheese - admin
[2020-04-16T19:11:03.115] [DEBUG] cheese - null
[2020-04-16T19:11:03.115] [DEBUG] cheese - null
[2020-04-16T20:14:20.453] [DEBUG] cheese - login => username:admin,password:123456
[2020-04-16T20:14:20.455] [DEBUG] cheese - admin
[2020-04-16T20:14:20.467] [DEBUG] cheese - null
[2020-04-16T20:14:20.467] [DEBUG] cheese - null
[2020-04-17T10:38:33.765] [DEBUG] cheese - login => username:admin,password:123456
[2020-04-17T10:38:33.766] [DEBUG] cheese - admin
[2020-04-17T10:38:33.789] [DEBUG] cheese - null
[2020-04-17T10:38:33.789] [DEBUG] cheese - null
[2020-04-18T11:46:53.149] [DEBUG] cheese - login => username:admin,password:123456
[2020-04-18T11:46:53.150] [DEBUG] cheese - admin
[2020-04-18T11:46:53.171] [DEBUG] cheese - null
[2020-04-18T11:46:53.171] [DEBUG] cheese - null
[2020-04-18T14:32:27.405] [DEBUG] cheese - login => username:admin,password:123456
[2020-04-18T14:32:27.406] [DEBUG] cheese - admin
[2020-04-18T14:32:27.409] [DEBUG] cheese - null
[2020-04-18T14:32:27.409] [DEBUG] cheese - null
[2020-04-18T15:29:39.966] [DEBUG] cheese - login => username:admin,password:123456
[2020-04-18T15:29:39.966] [DEBUG] cheese - admin
[2020-04-18T15:29:39.969] [DEBUG] cheese - null
[2020-04-18T15:29:39.969] [DEBUG] cheese - null
[2020-04-18T15:33:34.982] [DEBUG] cheese - null
[2020-04-18T15:34:25.623] [DEBUG] cheese - null
[2020-04-18T15:34:43.568] [DEBUG] cheese - null
[2020-04-18T15:54:10.593] [DEBUG] cheese - null
[2020-04-18T15:59:54.160] [DEBUG] cheese - null
[2020-04-18T16:04:36.546] [DEBUG] cheese - null
[2020-04-18T16:05:03.569] [DEBUG] cheese - null
[2020-04-18T16:05:51.771] [DEBUG] cheese - null
[2020-04-18T16:07:13.981] [DEBUG] cheese - null
[2020-04-18T16:07:22.584] [DEBUG] cheese - null
[2020-04-18T16:07:28.924] [DEBUG] cheese - null
[2020-04-18T20:31:14.408] [DEBUG] cheese - null
[2020-04-18T20:31:17.456] [DEBUG] cheese - null
[2020-04-18T21:06:49.273] [DEBUG] cheese - null
[2020-04-18T21:07:13.142] [DEBUG] cheese - null
[2020-04-18T21:51:05.530] [DEBUG] cheese - login => username:admin,password:123456
[2020-04-18T21:51:05.530] [DEBUG] cheese - admin
[2020-04-18T21:51:05.603] [DEBUG] cheese - null
[2020-04-18T21:51:05.603] [DEBUG] cheese - null
[2020-04-19T11:05:10.407] [DEBUG] cheese - login => username:admin,password:123456
[2020-04-19T11:05:10.410] [DEBUG] cheese - admin
[2020-04-19T11:05:10.448] [DEBUG] cheese - null
[2020-04-19T11:05:10.449] [DEBUG] cheese - null
[2020-04-20T12:19:22.507] [DEBUG] cheese - login => username:admin,password:123456
[2020-04-20T12:19:22.512] [DEBUG] cheese - admin
[2020-04-20T12:19:22.535] [DEBUG] cheese - null
[2020-04-20T12:19:22.535] [DEBUG] cheese - null
[2020-04-20T15:03:17.155] [DEBUG] cheese - null
[2020-04-20T15:45:21.669] [DEBUG] cheese - login => username:admin,password:123456
[2020-04-20T15:45:21.670] [DEBUG] cheese - admin
[2020-04-20T15:45:21.682] [DEBUG] cheese - null
[2020-04-20T15:45:21.682] [DEBUG] cheese - null
[2020-04-20T17:47:38.276] [DEBUG] cheese - login => username:admin,password:123456
[2020-04-20T17:47:38.278] [DEBUG] cheese - admin
[2020-04-20T17:47:38.284] [DEBUG] cheese - null
[2020-04-20T17:47:38.284] [DEBUG] cheese - null
[2020-04-21T13:43:53.714] [DEBUG] cheese - login => username:admin,password:123456
[2020-04-21T13:43:53.719] [DEBUG] cheese - admin
[2020-04-21T13:43:53.749] [DEBUG] cheese - null
[2020-04-21T13:43:53.749] [DEBUG] cheese - null
[2020-04-21T15:22:59.831] [DEBUG] cheese - login => username:admin,password:123456
[2020-04-21T15:22:59.833] [DEBUG] cheese - admin
[2020-04-21T15:22:59.839] [DEBUG] cheese - null
[2020-04-21T15:22:59.839] [DEBUG] cheese - null
[2020-04-22T11:19:25.346] [DEBUG] cheese - login => username:admin,password:123456
[2020-04-22T11:19:25.347] [DEBUG] cheese - admin
[2020-04-22T11:19:25.369] [DEBUG] cheese - null
[2020-04-22T11:19:25.370] [DEBUG] cheese - null
[2020-04-22T11:36:57.460] [DEBUG] cheese - login => username:admin,password:123456
[2020-04-22T11:36:57.461] [DEBUG] cheese - admin
[2020-04-22T11:36:57.465] [DEBUG] cheese - null
[2020-04-22T11:36:57.465] [DEBUG] cheese - null
[2020-04-23T11:22:43.537] [DEBUG] cheese - login => username:admin,password:123456
[2020-04-23T11:22:43.538] [DEBUG] cheese - admin
[2020-04-23T11:22:43.566] [DEBUG] cheese - null
[2020-04-23T11:22:43.567] [DEBUG] cheese - null
[2020-04-23T12:38:11.490] [DEBUG] cheese - login => username:admin,password:123456
[2020-04-23T12:38:11.491] [DEBUG] cheese - admin
[2020-04-23T12:38:11.496] [DEBUG] cheese - null
[2020-04-23T12:38:11.496] [DEBUG] cheese - null
[2020-04-23T12:48:58.959] [DEBUG] cheese - login => username:admin,password:123456
[2020-04-23T12:48:58.960] [DEBUG] cheese - admin
[2020-04-23T12:48:58.964] [DEBUG] cheese - null
[2020-04-23T12:48:58.965] [DEBUG] cheese - null
[2020-04-23T12:49:37.159] [DEBUG] cheese - login => username:admin,password:123456
[2020-04-23T12:49:37.159] [DEBUG] cheese - admin
[2020-04-23T12:49:37.161] [DEBUG] cheese - null
[2020-04-23T12:49:37.161] [DEBUG] cheese - null
[2020-04-23T13:34:21.756] [DEBUG] cheese - login => username:admin,password:123456
[2020-04-23T13:34:21.757] [DEBUG] cheese - admin
[2020-04-23T13:34:21.761] [DEBUG] cheese - null
[2020-04-23T13:34:21.762] [DEBUG] cheese - null
[2020-04-23T13:37:44.570] [DEBUG] cheese - login => username:admin,password:123456
[2020-04-23T13:37:44.571] [DEBUG] cheese - admin
[2020-04-23T13:37:44.573] [DEBUG] cheese - null
[2020-04-23T13:37:44.573] [DEBUG] cheese - null
[2020-04-23T13:38:34.059] [DEBUG] cheese - login => username:admin,password:123456
[2020-04-23T13:38:34.059] [DEBUG] cheese - admin
[2020-04-23T13:38:34.062] [DEBUG] cheese - null
[2020-04-23T13:38:34.062] [DEBUG] cheese - null
[2020-04-23T13:40:01.371] [DEBUG] cheese - login => username:admin,password:123456
[2020-04-23T13:40:01.372] [DEBUG] cheese - admin
[2020-04-23T13:40:01.375] [DEBUG] cheese - null
[2020-04-23T13:40:01.375] [DEBUG] cheese - null
[2020-04-23T13:55:00.174] [DEBUG] cheese - login => username:admin,password:123456
[2020-04-23T13:55:00.175] [DEBUG] cheese - admin
[2020-04-23T13:55:00.179] [DEBUG] cheese - null
[2020-04-23T13:55:00.179] [DEBUG] cheese - null
[2020-04-23T13:55:52.984] [DEBUG] cheese - login => username:admin,password:123456
[2020-04-23T13:55:52.985] [DEBUG] cheese - admin
[2020-04-23T13:55:52.987] [DEBUG] cheese - null
[2020-04-23T13:55:52.987] [DEBUG] cheese - null
[2020-04-23T13:59:22.208] [DEBUG] cheese - login => username:admin,password:123456
[2020-04-23T13:59:22.209] [DEBUG] cheese - admin
[2020-04-23T13:59:22.211] [DEBUG] cheese - null
[2020-04-23T13:59:22.211] [DEBUG] cheese - null
[2020-04-23T14:38:08.071] [DEBUG] cheese - login => username:admin,password:123456
[2020-04-23T14:38:08.072] [DEBUG] cheese - admin
[2020-04-23T14:38:08.076] [DEBUG] cheese - null
[2020-04-23T14:38:08.076] [DEBUG] cheese - null
[2020-04-23T16:09:05.748] [DEBUG] cheese - login => username:admin,password:123456
[2020-04-23T16:09:05.750] [DEBUG] cheese - admin
[2020-04-23T16:09:05.754] [DEBUG] cheese - null
[2020-04-23T16:09:05.754] [DEBUG] cheese - null
[2020-04-23T16:13:55.428] [DEBUG] cheese - login => username:admin,password:123456
[2020-04-23T16:13:55.428] [DEBUG] cheese - admin
[2020-04-23T16:13:55.430] [DEBUG] cheese - null
[2020-04-23T16:13:55.430] [DEBUG] cheese - null
[2020-04-23T18:41:36.106] [DEBUG] cheese - login => username:admin,password:123456
[2020-04-23T18:41:36.107] [DEBUG] cheese - admin
[2020-04-23T18:41:36.110] [DEBUG] cheese - null
[2020-04-23T18:41:36.111] [DEBUG] cheese - null
[2020-04-24T12:51:37.845] [DEBUG] cheese - login => username:admin,password:123456
[2020-04-24T12:51:37.847] [DEBUG] cheese - admin
[2020-04-24T12:51:37.960] [DEBUG] cheese - null
[2020-04-24T12:51:37.961] [DEBUG] cheese - null
[2020-04-24T13:25:32.461] [DEBUG] cheese - login => username:admin,password:123456
[2020-04-24T13:25:32.463] [DEBUG] cheese - admin
[2020-04-24T13:25:32.470] [DEBUG] cheese - null
[2020-04-24T13:25:32.471] [DEBUG] cheese - null
[2020-04-24T19:38:38.899] [DEBUG] cheese - null
[2020-04-24T19:40:47.999] [DEBUG] cheese - null
[2020-04-24T21:24:32.857] [DEBUG] cheese - null
[2020-04-24T21:33:06.682] [DEBUG] cheese - null
[2020-04-24T21:33:14.810] [DEBUG] cheese - null
[2020-04-24T21:34:29.641] [DEBUG] cheese - null
[2020-04-24T21:35:21.331] [DEBUG] cheese - null
[2020-04-24T21:35:34.321] [DEBUG] cheese - null
[2020-04-24T21:40:26.517] [DEBUG] cheese - null
[2020-04-24T21:51:27.455] [DEBUG] cheese - login => username:admin,password:123456
[2020-04-24T21:51:27.456] [DEBUG] cheese - admin
[2020-04-24T21:51:27.488] [DEBUG] cheese - null
[2020-04-24T21:51:27.488] [DEBUG] cheese - null
[2020-04-25T12:08:25.313] [DEBUG] cheese - login => username:admin,password:123456
[2020-04-25T12:08:25.315] [DEBUG] cheese - admin
[2020-04-25T12:08:25.338] [DEBUG] cheese - null
[2020-04-25T12:08:25.338] [DEBUG] cheese - null
[2020-04-25T16:20:47.617] [DEBUG] cheese - login => username:admin,password:123456
[2020-04-25T16:20:47.618] [DEBUG] cheese - admin
[2020-04-25T16:20:47.625] [DEBUG] cheese - null
[2020-04-25T16:20:47.626] [DEBUG] cheese - null
[2020-04-25T18:34:36.339] [DEBUG] cheese - login => username:admin,password:123456
[2020-04-25T18:34:36.339] [DEBUG] cheese - admin
[2020-04-25T18:34:36.343] [DEBUG] cheese - null
[2020-04-25T18:34:36.343] [DEBUG] cheese - null
[2020-04-25T20:26:13.293] [DEBUG] cheese - null
[2020-04-25T20:26:17.693] [DEBUG] cheese - null
[2020-04-25T20:29:07.128] [DEBUG] cheese - null
[2020-04-25T20:32:18.668] [DEBUG] cheese - null
[2020-04-25T21:23:04.872] [DEBUG] cheese - login => username:admin,password:123456
[2020-04-25T21:23:04.873] [DEBUG] cheese - admin
[2020-04-25T21:23:04.881] [DEBUG] cheese - null
[2020-04-25T21:23:04.882] [DEBUG] cheese - null
[2020-04-25T22:10:54.546] [DEBUG] cheese - login => username:admin,password:123456
[2020-04-25T22:10:54.549] [DEBUG] cheese - admin
[2020-04-25T22:10:54.636] [DEBUG] cheese - null
[2020-04-25T22:10:54.638] [DEBUG] cheese - null
[2020-04-26T20:56:43.715] [DEBUG] cheese - login => username:admin,password:123456
[2020-04-26T20:56:43.721] [DEBUG] cheese - admin
[2020-04-26T20:56:43.876] [DEBUG] cheese - null
[2020-04-26T20:56:43.877] [DEBUG] cheese - null
[2020-04-26T21:07:35.950] [DEBUG] cheese - login => username:admin,password:123456
[2020-04-26T21:07:35.952] [DEBUG] cheese - admin
[2020-04-26T21:07:35.957] [DEBUG] cheese - null
[2020-04-26T21:07:35.958] [DEBUG] cheese - null
[2020-04-26T21:25:00.468] [DEBUG] cheese - login => username:admin,password:123456
[2020-04-26T21:25:00.469] [DEBUG] cheese - admin
[2020-04-26T21:25:00.472] [DEBUG] cheese - null
[2020-04-26T21:25:00.472] [DEBUG] cheese - null
[2020-04-26T21:39:08.038] [DEBUG] cheese - login => username:admin,password:123456
[2020-04-26T21:39:08.038] [DEBUG] cheese - admin
[2020-04-26T21:39:08.042] [DEBUG] cheese - null
[2020-04-26T21:39:08.042] [DEBUG] cheese - null
[2020-04-26T21:53:36.528] [DEBUG] cheese - login => username:admin,password:123456
[2020-04-26T21:53:36.529] [DEBUG] cheese - admin
[2020-04-26T21:53:36.532] [DEBUG] cheese - null
[2020-04-26T21:53:36.532] [DEBUG] cheese - null
[2020-04-26T21:55:05.475] [DEBUG] cheese - login => username:admin,password:123456
[2020-04-26T21:55:05.475] [DEBUG] cheese - admin
[2020-04-26T21:55:05.478] [DEBUG] cheese - null
[2020-04-26T21:55:05.478] [DEBUG] cheese - null
[2020-04-27T11:26:28.196] [DEBUG] cheese - login => username:admin,password:123456
[2020-04-27T11:26:28.198] [DEBUG] cheese - admin
[2020-04-27T11:26:28.226] [DEBUG] cheese - null
[2020-04-27T11:26:28.226] [DEBUG] cheese - null
[2020-04-27T11:33:47.810] [DEBUG] cheese - login => username:admin,password:123456
[2020-04-27T11:33:47.810] [DEBUG] cheese - admin
[2020-04-27T11:33:47.813] [DEBUG] cheese - null
[2020-04-27T11:33:47.813] [DEBUG] cheese - null
[2020-04-27T12:05:34.067] [DEBUG] cheese - login => username:admin,password:123456
[2020-04-27T12:05:34.068] [DEBUG] cheese - admin
[2020-04-27T12:05:34.071] [DEBUG] cheese - null
[2020-04-27T12:05:34.072] [DEBUG] cheese - null
[2020-04-27T12:18:00.059] [DEBUG] cheese - login => username:请问请问从,password:asd 
[2020-04-27T12:18:00.059] [DEBUG] cheese - 请问请问从
[2020-04-27T12:18:00.062] [DEBUG] cheese - null
[2020-04-27T12:18:00.062] [DEBUG] cheese - null
[2020-04-27T12:18:02.994] [DEBUG] cheese - login => username:请问请问从,password:asd 
[2020-04-27T12:18:02.994] [DEBUG] cheese - 请问请问从
[2020-04-27T12:18:02.996] [DEBUG] cheese - null
[2020-04-27T12:18:02.996] [DEBUG] cheese - null
[2020-04-27T12:18:26.379] [DEBUG] cheese - login => username:ddd,password:asdd
[2020-04-27T12:18:26.380] [DEBUG] cheese - ddd
[2020-04-27T12:18:26.382] [DEBUG] cheese - null
[2020-04-27T12:18:26.383] [DEBUG] cheese - null
[2020-04-27T12:19:24.132] [DEBUG] cheese - login => username:admin,password:12345622
[2020-04-27T12:19:24.132] [DEBUG] cheese - admin
[2020-04-27T12:19:24.134] [DEBUG] cheese - null
[2020-04-27T12:19:24.134] [DEBUG] cheese - null
[2020-04-27T12:20:03.503] [DEBUG] cheese - login => username:admin,password:123456
[2020-04-27T12:20:03.503] [DEBUG] cheese - admin
[2020-04-27T12:20:03.506] [DEBUG] cheese - null
[2020-04-27T12:20:03.506] [DEBUG] cheese - null
[2020-04-27T12:20:06.146] [DEBUG] cheese - login => username:admin,password:123456
[2020-04-27T12:20:06.146] [DEBUG] cheese - admin
[2020-04-27T12:20:06.149] [DEBUG] cheese - null
[2020-04-27T12:20:06.149] [DEBUG] cheese - null
[2020-04-27T12:21:02.816] [DEBUG] cheese - login => username:admin,password:123456
[2020-04-27T12:21:02.816] [DEBUG] cheese - admin
[2020-04-27T12:21:02.818] [DEBUG] cheese - null
[2020-04-27T12:21:02.818] [DEBUG] cheese - null
[2020-04-27T12:21:24.295] [DEBUG] cheese - login => username:admin,password:123456
[2020-04-27T12:21:24.295] [DEBUG] cheese - admin
[2020-04-27T12:21:24.298] [DEBUG] cheese - null
[2020-04-27T12:21:24.298] [DEBUG] cheese - null
[2020-04-27T12:39:46.616] [DEBUG] cheese - login => username:admin,password:123456
[2020-04-27T12:39:46.616] [DEBUG] cheese - admin
[2020-04-27T12:39:46.619] [DEBUG] cheese - null
[2020-04-27T12:39:46.619] [DEBUG] cheese - null
[2020-04-27T12:40:47.888] [DEBUG] cheese - login => username:admin,password:123456
[2020-04-27T12:40:47.888] [DEBUG] cheese - admin
[2020-04-27T12:40:47.890] [DEBUG] cheese - null
[2020-04-27T12:40:47.890] [DEBUG] cheese - null
[2020-04-27T12:44:29.887] [DEBUG] cheese - login => username:admin,password:123456
[2020-04-27T12:44:29.887] [DEBUG] cheese - admin
[2020-04-27T12:44:29.889] [DEBUG] cheese - null
[2020-04-27T12:44:29.889] [DEBUG] cheese - null
[2020-04-27T12:45:17.483] [DEBUG] cheese - login => username:admin,password:123456
[2020-04-27T12:45:17.483] [DEBUG] cheese - admin
[2020-04-27T12:45:17.486] [DEBUG] cheese - null
[2020-04-27T12:45:17.486] [DEBUG] cheese - null
[2020-04-27T12:47:13.363] [DEBUG] cheese - login => username:admin,password:123456
[2020-04-27T12:47:13.363] [DEBUG] cheese - admin
[2020-04-27T12:47:13.366] [DEBUG] cheese - null
[2020-04-27T12:47:13.366] [DEBUG] cheese - null
[2020-04-27T12:49:44.255] [DEBUG] cheese - login => username:admin,password:123456
[2020-04-27T12:49:44.255] [DEBUG] cheese - admin
[2020-04-27T12:49:44.258] [DEBUG] cheese - null
[2020-04-27T12:49:44.258] [DEBUG] cheese - null
[2020-04-27T12:53:27.032] [DEBUG] cheese - login => username:admin,password:123456
[2020-04-27T12:53:27.032] [DEBUG] cheese - admin
[2020-04-27T12:53:27.034] [DEBUG] cheese - null
[2020-04-27T12:53:27.035] [DEBUG] cheese - null
[2020-04-27T13:14:41.175] [DEBUG] cheese - login => username:admin,password:123456
[2020-04-27T13:14:41.175] [DEBUG] cheese - admin
[2020-04-27T13:14:41.178] [DEBUG] cheese - null
[2020-04-27T13:14:41.179] [DEBUG] cheese - null
[2020-04-27T13:43:59.487] [DEBUG] cheese - login => username:admin,password:123456
[2020-04-27T13:43:59.488] [DEBUG] cheese - admin
[2020-04-27T13:43:59.491] [DEBUG] cheese - null
[2020-04-27T13:43:59.491] [DEBUG] cheese - null
[2020-04-27T13:46:29.473] [DEBUG] cheese - login => username:admin,password:123456
[2020-04-27T13:46:29.473] [DEBUG] cheese - admin
[2020-04-27T13:46:29.477] [DEBUG] cheese - null
[2020-04-27T13:46:29.477] [DEBUG] cheese - null
[2020-04-27T14:03:27.840] [DEBUG] cheese - login => username:admin,password:123456
[2020-04-27T14:03:27.840] [DEBUG] cheese - admin
[2020-04-27T14:03:27.844] [DEBUG] cheese - null
[2020-04-27T14:03:27.844] [DEBUG] cheese - null
[2020-04-27T14:04:17.778] [DEBUG] cheese - login => username:admin,password:123456
[2020-04-27T14:04:17.778] [DEBUG] cheese - admin
[2020-04-27T14:04:17.781] [DEBUG] cheese - null
[2020-04-27T14:04:17.781] [DEBUG] cheese - null
[2020-04-27T14:05:23.387] [DEBUG] cheese - login => username:admin,password:123456
[2020-04-27T14:05:23.387] [DEBUG] cheese - admin
[2020-04-27T14:05:23.390] [DEBUG] cheese - null
[2020-04-27T14:05:23.390] [DEBUG] cheese - null
[2020-04-27T14:06:11.699] [DEBUG] cheese - login => username:admin,password:123456
[2020-04-27T14:06:11.699] [DEBUG] cheese - admin
[2020-04-27T14:06:11.702] [DEBUG] cheese - null
[2020-04-27T14:06:11.702] [DEBUG] cheese - null
[2020-04-27T14:07:16.051] [DEBUG] cheese - login => username:admin,password:123456
[2020-04-27T14:07:16.051] [DEBUG] cheese - admin
[2020-04-27T14:07:16.054] [DEBUG] cheese - null
[2020-04-27T14:07:16.054] [DEBUG] cheese - null
[2020-04-27T14:08:33.042] [DEBUG] cheese - login => username:admin,password:123456
[2020-04-27T14:08:33.043] [DEBUG] cheese - admin
[2020-04-27T14:08:33.045] [DEBUG] cheese - null
[2020-04-27T14:08:33.045] [DEBUG] cheese - null
[2020-04-27T14:08:50.187] [DEBUG] cheese - login => username:admin,password:123456
[2020-04-27T14:08:50.187] [DEBUG] cheese - admin
[2020-04-27T14:08:50.189] [DEBUG] cheese - null
[2020-04-27T14:08:50.189] [DEBUG] cheese - null
[2020-04-27T14:09:30.129] [DEBUG] cheese - login => username:admin,password:123456
[2020-04-27T14:09:30.129] [DEBUG] cheese - admin
[2020-04-27T14:09:30.131] [DEBUG] cheese - null
[2020-04-27T14:09:30.131] [DEBUG] cheese - null
[2020-04-27T14:40:35.550] [DEBUG] cheese - login => username:admin,password:123456
[2020-04-27T14:40:35.550] [DEBUG] cheese - admin
[2020-04-27T14:40:35.553] [DEBUG] cheese - null
[2020-04-27T14:40:35.553] [DEBUG] cheese - null
[2020-04-27T14:40:42.945] [DEBUG] cheese - login => username:admin,password:123456
[2020-04-27T14:40:42.945] [DEBUG] cheese - admin
[2020-04-27T14:40:42.947] [DEBUG] cheese - null
[2020-04-27T14:40:42.947] [DEBUG] cheese - null
[2020-04-27T14:40:52.926] [DEBUG] cheese - login => username:admin,password:123456
[2020-04-27T14:40:52.926] [DEBUG] cheese - admin
[2020-04-27T14:40:52.928] [DEBUG] cheese - null
[2020-04-27T14:40:52.928] [DEBUG] cheese - null
[2020-04-27T14:58:15.063] [DEBUG] cheese - login => username:admin,password:123456
[2020-04-27T14:58:15.063] [DEBUG] cheese - admin
[2020-04-27T14:58:15.067] [DEBUG] cheese - null
[2020-04-27T14:58:15.067] [DEBUG] cheese - null
[2020-04-27T15:06:00.199] [DEBUG] cheese - login => username:admin,password:123456
[2020-04-27T15:06:00.199] [DEBUG] cheese - admin
[2020-04-27T15:06:00.201] [DEBUG] cheese - null
[2020-04-27T15:06:00.201] [DEBUG] cheese - null
[2020-04-27T15:12:38.010] [DEBUG] cheese - login => username:admin,password:123456
[2020-04-27T15:12:38.012] [DEBUG] cheese - admin
[2020-04-27T15:12:38.016] [DEBUG] cheese - null
[2020-04-27T15:12:38.017] [DEBUG] cheese - null
[2020-04-27T15:17:15.172] [DEBUG] cheese - login => username:admin,password:123456
[2020-04-27T15:17:15.172] [DEBUG] cheese - admin
[2020-04-27T15:17:15.176] [DEBUG] cheese - null
[2020-04-27T15:17:15.177] [DEBUG] cheese - null
[2020-04-27T15:33:03.777] [DEBUG] cheese - login => username:admin,password:123456
[2020-04-27T15:33:03.779] [DEBUG] cheese - admin
[2020-04-27T15:33:03.783] [DEBUG] cheese - null
[2020-04-27T15:33:03.783] [DEBUG] cheese - null
[2020-04-27T15:33:27.468] [DEBUG] cheese - login => username:admin,password:123456
[2020-04-27T15:33:27.469] [DEBUG] cheese - admin
[2020-04-27T15:33:27.475] [DEBUG] cheese - null
[2020-04-27T15:33:27.475] [DEBUG] cheese - null
[2020-04-27T15:35:31.240] [DEBUG] cheese - login => username:admin,password:123456
[2020-04-27T15:35:31.242] [DEBUG] cheese - admin
[2020-04-27T15:35:31.245] [DEBUG] cheese - null
[2020-04-27T15:35:31.245] [DEBUG] cheese - null
[2020-04-27T16:15:09.146] [DEBUG] cheese - login => username:admin,password:123456
[2020-04-27T16:15:09.147] [DEBUG] cheese - admin
[2020-04-27T16:15:09.158] [DEBUG] cheese - null
[2020-04-27T16:15:09.159] [DEBUG] cheese - null
[2020-04-27T16:15:25.144] [DEBUG] cheese - login => username:admin,password:123456
[2020-04-27T16:15:25.145] [DEBUG] cheese - admin
[2020-04-27T16:15:25.148] [DEBUG] cheese - null
[2020-04-27T16:15:25.148] [DEBUG] cheese - null
[2020-04-27T16:17:01.344] [DEBUG] cheese - login => username:admin,password:123456
[2020-04-27T16:17:01.345] [DEBUG] cheese - admin
[2020-04-27T16:17:01.347] [DEBUG] cheese - null
[2020-04-27T16:17:01.348] [DEBUG] cheese - null
[2020-04-27T16:18:18.742] [DEBUG] cheese - login => username:admin,password:123456
[2020-04-27T16:18:18.743] [DEBUG] cheese - admin
[2020-04-27T16:18:18.746] [DEBUG] cheese - null
[2020-04-27T16:18:18.746] [DEBUG] cheese - null
[2020-04-27T16:20:28.801] [DEBUG] cheese - login => username:admin,password:123456
[2020-04-27T16:20:28.801] [DEBUG] cheese - admin
[2020-04-27T16:20:28.804] [DEBUG] cheese - null
[2020-04-27T16:20:28.804] [DEBUG] cheese - null
[2020-04-27T16:21:02.993] [DEBUG] cheese - login => username:admin,password:123456
[2020-04-27T16:21:02.993] [DEBUG] cheese - admin
[2020-04-27T16:21:02.996] [DEBUG] cheese - null
[2020-04-27T16:21:02.996] [DEBUG] cheese - null
[2020-04-27T22:40:52.480] [DEBUG] cheese - login => username:admin,password:123456
[2020-04-27T22:40:52.483] [DEBUG] cheese - admin
[2020-04-27T22:40:52.498] [DEBUG] cheese - null
[2020-04-27T22:40:52.498] [DEBUG] cheese - null
[2020-04-27T22:43:22.379] [DEBUG] cheese - login => username:admin,password:123456
[2020-04-27T22:43:22.380] [DEBUG] cheese - admin
[2020-04-27T22:43:22.383] [DEBUG] cheese - null
[2020-04-27T22:43:22.383] [DEBUG] cheese - null
[2020-04-27T22:43:51.723] [DEBUG] cheese - login => username:admin,password:123456
[2020-04-27T22:43:51.723] [DEBUG] cheese - admin
[2020-04-27T22:43:51.727] [DEBUG] cheese - null
[2020-04-27T22:43:51.727] [DEBUG] cheese - null
[2020-04-27T23:24:02.409] [DEBUG] cheese - login => username:admin,password:123456
[2020-04-27T23:24:02.409] [DEBUG] cheese - admin
[2020-04-27T23:24:02.418] [DEBUG] cheese - null
[2020-04-27T23:24:02.418] [DEBUG] cheese - null
[2020-04-27T23:29:25.052] [DEBUG] cheese - login => username:admin,password:123456
[2020-04-27T23:29:25.052] [DEBUG] cheese - admin
[2020-04-27T23:29:25.056] [DEBUG] cheese - null
[2020-04-27T23:29:25.056] [DEBUG] cheese - null
[2020-04-28T09:26:42.684] [DEBUG] cheese - login => username:admin,password:123456
[2020-04-28T09:26:42.686] [DEBUG] cheese - admin
[2020-04-28T09:26:42.716] [DEBUG] cheese - null
[2020-04-28T09:26:42.716] [DEBUG] cheese - null
[2020-04-28T10:39:28.162] [DEBUG] cheese - login => username:admin,password:123456
[2020-04-28T10:39:28.164] [DEBUG] cheese - admin
[2020-04-28T10:39:28.179] [DEBUG] cheese - null
[2020-04-28T10:39:28.179] [DEBUG] cheese - null
[2020-04-28T10:42:56.144] [DEBUG] cheese - login => username:admin,password:123456
[2020-04-28T10:42:56.144] [DEBUG] cheese - admin
[2020-04-28T10:42:56.150] [DEBUG] cheese - null
[2020-04-28T10:42:56.150] [DEBUG] cheese - null
[2020-04-28T10:45:04.101] [DEBUG] cheese - login => username:admin,password:123456
[2020-04-28T10:45:04.101] [DEBUG] cheese - admin
[2020-04-28T10:45:04.105] [DEBUG] cheese - null
[2020-04-28T10:45:04.105] [DEBUG] cheese - null
[2020-04-28T10:49:15.945] [DEBUG] cheese - login => username:admin,password:123456
[2020-04-28T10:49:15.945] [DEBUG] cheese - admin
[2020-04-28T10:49:15.949] [DEBUG] cheese - null
[2020-04-28T10:49:15.949] [DEBUG] cheese - null
